\BOOKMARK [0][-]{section*.2}{Solving Quantum Many-Body Problems with Neural Networks}{}% 2
\BOOKMARK [1][-]{section*.1}{Abstract}{section*.2}% 1
\BOOKMARK [1][-]{section*.3}{Introduction}{section*.2}% 3
\BOOKMARK [1][-]{section*.4}{Theory}{section*.2}% 4
\BOOKMARK [2][-]{section*.5}{Calogero-Sutherland Model}{section*.4}% 5
\BOOKMARK [2][-]{section*.6}{Variational Monte Carlo}{section*.4}% 6
\BOOKMARK [2][-]{section*.7}{Universal Approximation Theorem}{section*.4}% 7
\BOOKMARK [1][-]{section*.8}{Method}{section*.2}% 8
\BOOKMARK [2][-]{section*.9}{Neural Network Quantum State}{section*.8}% 9
\BOOKMARK [2][-]{section*.11}{Local Energy}{section*.8}% 10
\BOOKMARK [2][-]{section*.12}{MCMC Sampling}{section*.8}% 11
\BOOKMARK [2][-]{section*.13}{Stochastic Gradient Descent}{section*.8}% 12
\BOOKMARK [2][-]{section*.14}{Algorithm}{section*.8}% 13
\BOOKMARK [1][-]{section*.15}{Implementation}{section*.2}% 14
\BOOKMARK [1][-]{section*.16}{Data}{section*.2}% 15
\BOOKMARK [2][-]{section*.17}{Visualization}{section*.16}% 16
\BOOKMARK [2][-]{section*.18}{Preprocessing}{section*.16}% 17
\BOOKMARK [1][-]{section*.19}{Training}{section*.2}% 18
\BOOKMARK [2][-]{section*.20}{Parameters}{section*.19}% 19
\BOOKMARK [2][-]{section*.21}{Learning Curve}{section*.19}% 20
\BOOKMARK [1][-]{section*.22}{Poster}{section*.2}% 21
\BOOKMARK [1][-]{section*.23}{Timeline}{section*.2}% 22
